From station 28,29, examining the following:  [ '1,0' ]
Slope: 1.0740740740740742, Intercept: -1.0740740740740742

From station 28,29, examining the following:  [ '6,0' ]
Slope: 1.3181818181818181, Intercept: -7.909090909090908

From station 28,29, examining the following:  [ '8,0' ]
Slope: 1.45, Intercept: -11.6

From station 28,29, examining the following:  [ '9,0' ]
Slope: 1.5263157894736843, Intercept: -13.73684210526316

From station 28,29, examining the following:  [ '10,0' ]
Slope: 1.6111111111111112, Intercept: -16.11111111111111

From station 28,29, examining the following:  [ '20,0' ]
Slope: 3.625, Intercept: -72.5

From station 28,29, examining the following:  [ '23,0' ]
Slope: 5.8, Intercept: -133.4

From station 28,29, examining the following:  [ '24,0' ]
Slope: 7.25, Intercept: -174

From station 28,29, examining the following:  [ '26,0' ]
Slope: 14.5, Intercept: -377

From station 28,29, examining the following:  [ '27,0' ]
Slope: 29, Intercept: -783

From station 28,29, examining the following:  [ '28,0', '28,4', '28,13', '28,16', '28,24' ]
Slope: Infinity, Intercept: -Infinity

From station 28,29, examining the following:  [ '30,0' ]
Slope: -14.5, Intercept: 435

From station 28,29, examining the following:  [ '36,0' ]
Slope: -3.625, Intercept: 130.5

From station 28,29, examining the following:  [ '37,0' ]
Slope: -3.2222222222222223, Intercept: 119.22222222222223

From station 28,29, examining the following:  [ '11,1' ]
Slope: 1.6470588235294117, Intercept: -17.11764705882353

From station 28,29, examining the following:  [ '12,1' ]
Slope: 1.75, Intercept: -20

From station 28,29, examining the following:  [ '20,1', '26,22' ]
Slope: 3.5, Intercept: -69

From station 28,29, examining the following:  [ '22,1' ]
Slope: 4.666666666666667, Intercept: -101.66666666666667

From station 28,29, examining the following:  [ '26,1', '27,15' ]
Slope: 14, Intercept: -363

From station 28,29, examining the following:  [ '30,1' ]
Slope: -14, Intercept: 421

From station 28,29, examining the following:  [ '33,1' ]
Slope: -5.6, Intercept: 185.79999999999998

From station 28,29, examining the following:  [ '38,1' ]
Slope: -2.8, Intercept: 107.39999999999999

From station 28,29, examining the following:  [ '3,2' ]
Slope: 1.08, Intercept: -1.2400000000000002

From station 28,29, examining the following:  [ '8,2' ]
Slope: 1.35, Intercept: -8.8

From station 28,29, examining the following:  [ '9,2' ]
Slope: 1.4210526315789473, Intercept: -10.789473684210526

From station 28,29, examining the following:  [ '12,2' ]
Slope: 1.6875, Intercept: -18.25

From station 28,29, examining the following:  [ '13,2' ]
Slope: 1.8, Intercept: -21.400000000000002

From station 28,29, examining the following:  [ '21,2' ]
Slope: 3.857142857142857, Intercept: -79

From station 28,29, examining the following:  [ '32,2' ]
Slope: -6.75, Intercept: 218

From station 28,29, examining the following:  [ '33,2' ]
Slope: -5.4, Intercept: 180.20000000000002

From station 28,29, examining the following:  [ '34,2' ]
Slope: -4.5, Intercept: 155

From station 28,29, examining the following:  [ '37,2' ]
Slope: -3, Intercept: 113

From station 28,29, examining the following:  [ '4,3' ]
Slope: 1.0833333333333333, Intercept: -1.333333333333333

From station 28,29, examining the following:  [ '9,3' ]
Slope: 1.368421052631579, Intercept: -9.31578947368421

From station 28,29, examining the following:  [ '10,3' ]
Slope: 1.4444444444444444, Intercept: -11.444444444444445

From station 28,29, examining the following:  [ '11,3' ]
Slope: 1.5294117647058822, Intercept: -13.823529411764703

From station 28,29, examining the following:  [ '12,3', '20,16' ]
Slope: 1.625, Intercept: -16.5

From station 28,29, examining the following:  [ '19,3' ]
Slope: 2.888888888888889, Intercept: -51.888888888888886

From station 28,29, examining the following:  [ '22,3' ]
Slope: 4.333333333333333, Intercept: -92.33333333333333

From station 28,29, examining the following:  [ '24,3' ]
Slope: 6.5, Intercept: -153

From station 28,29, examining the following:  [ '33,3' ]
Slope: -5.2, Intercept: 174.6

From station 28,29, examining the following:  [ '15,4' ]
Slope: 1.9230769230769231, Intercept: -24.846153846153847

From station 28,29, examining the following:  [ '16,4' ]
Slope: 2.0833333333333335, Intercept: -29.333333333333336

From station 28,29, examining the following:  [ '19,4' ]
Slope: 2.7777777777777777, Intercept: -48.77777777777778

From station 28,29, examining the following:  [ '24,4' ]
Slope: 6.25, Intercept: -146

From station 28,29, examining the following:  []
Slope: Infinity, Intercept: -Infinity

From station 28,29, examining the following:  [ '29,4' ]
Slope: -25, Intercept: 729

From station 28,29, examining the following:  [ '32,4' ]
Slope: -6.25, Intercept: 204

From station 28,29, examining the following:  [ '36,4' ]
Slope: -3.125, Intercept: 116.5

From station 28,29, examining the following:  [ '39,4' ]
Slope: -2.272727272727273, Intercept: 92.63636363636364

From station 28,29, examining the following:  [ '2,5' ]
Slope: 0.9230769230769231, Intercept: 3.1538461538461537

From station 28,29, examining the following:  [ '7,5' ]
Slope: 1.1428571428571428, Intercept: -3

From station 28,29, examining the following:  [ '12,5', '14,8', '22,20', '26,26' ]
Slope: 1.5, Intercept: -13

From station 28,29, examining the following:  [ '15,5' ]
Slope: 1.8461538461538463, Intercept: -22.692307692307693

From station 28,29, examining the following:  [ '21,5' ]
Slope: 3.4285714285714284, Intercept: -67

From station 28,29, examining the following:  [ '23,5' ]
Slope: 4.8, Intercept: -105.39999999999999

From station 28,29, examining the following:  [ '30,5' ]
Slope: -12, Intercept: 365

From station 28,29, examining the following:  [ '33,5' ]
Slope: -4.8, Intercept: 163.4

From station 28,29, examining the following:  [ '37,5' ]
Slope: -2.6666666666666665, Intercept: 103.66666666666666

From station 28,29, examining the following:  [ '5,6', '15,16', '17,18', '22,23' ]
Slope: 1, Intercept: 1

From station 28,29, examining the following:  [ '7,6' ]
Slope: 1.0952380952380953, Intercept: -1.6666666666666679

From station 28,29, examining the following:  [ '12,6' ]
Slope: 1.4375, Intercept: -11.25

From station 28,29, examining the following:  [ '14,6' ]
Slope: 1.6428571428571428, Intercept: -17

From station 28,29, examining the following:  [ '18,6' ]
Slope: 2.3, Intercept: -35.4

From station 28,29, examining the following:  [ '19,6' ]
Slope: 2.5555555555555554, Intercept: -42.55555555555555

From station 28,29, examining the following:  [ '29,6' ]
Slope: -23, Intercept: 673

From station 28,29, examining the following:  [ '33,6' ]
Slope: -4.6, Intercept: 157.79999999999998

From station 28,29, examining the following:  [ '0,7' ]
Slope: 0.7857142857142857, Intercept: 7

From station 28,29, examining the following:  [ '4,7' ]
Slope: 0.9166666666666666, Intercept: 3.3333333333333335

From station 28,29, examining the following:  [ '5,7' ]
Slope: 0.9565217391304348, Intercept: 2.217391304347826

From station 28,29, examining the following:  [ '7,7' ]
Slope: 1.0476190476190477, Intercept: -0.3333333333333339

From station 28,29, examining the following:  [ '9,7' ]
Slope: 1.1578947368421053, Intercept: -3.4210526315789487

From station 28,29, examining the following:  [ '13,7' ]
Slope: 1.4666666666666666, Intercept: -12.066666666666666

From station 28,29, examining the following:  [ '21,7' ]
Slope: 3.142857142857143, Intercept: -59

From station 28,29, examining the following:  [ '26,7' ]
Slope: 11, Intercept: -279

From station 28,29, examining the following:  [ '35,7' ]
Slope: -3.142857142857143, Intercept: 117

From station 28,29, examining the following:  [ '4,8' ]
Slope: 0.875, Intercept: 4.5

From station 28,29, examining the following:  [ '5,8' ]
Slope: 0.9130434782608695, Intercept: 3.4347826086956523

From station 28,29, examining the following:  []
Slope: 1.5, Intercept: -13

From station 28,29, examining the following:  [ '19,8' ]
Slope: 2.3333333333333335, Intercept: -36.333333333333336

From station 28,29, examining the following:  [ '30,8' ]
Slope: -10.5, Intercept: 323

From station 28,29, examining the following:  [ '38,8' ]
Slope: -2.1, Intercept: 87.8

From station 28,29, examining the following:  [ '2,9', '15,19' ]
Slope: 0.7692307692307693, Intercept: 7.461538461538462

From station 28,29, examining the following:  [ '3,9', '13,17', '23,25' ]
Slope: 0.8, Intercept: 6.6

From station 28,29, examining the following:  [ '14,9' ]
Slope: 1.4285714285714286, Intercept: -11

From station 28,29, examining the following:  [ '15,9' ]
Slope: 1.5384615384615385, Intercept: -14.076923076923077

From station 28,29, examining the following:  [ '21,9' ]
Slope: 2.857142857142857, Intercept: -51

From station 28,29, examining the following:  [ '26,9' ]
Slope: 10, Intercept: -251

From station 28,29, examining the following:  [ '36,9' ]
Slope: -2.5, Intercept: 99

From station 28,29, examining the following:  [ '3,10' ]
Slope: 0.76, Intercept: 7.72

From station 28,29, examining the following:  [ '6,10' ]
Slope: 0.8636363636363636, Intercept: 4.818181818181818

From station 28,29, examining the following:  [ '7,10' ]
Slope: 0.9047619047619048, Intercept: 3.666666666666667

From station 28,29, examining the following:  [ '14,10' ]
Slope: 1.3571428571428572, Intercept: -9

From station 28,29, examining the following:  [ '17,10' ]
Slope: 1.7272727272727273, Intercept: -19.363636363636363

From station 28,29, examining the following:  [ '19,10' ]
Slope: 2.111111111111111, Intercept: -30.111111111111114

From station 28,29, examining the following:  [ '21,10' ]
Slope: 2.7142857142857144, Intercept: -47

From station 28,29, examining the following:  [ '25,10' ]
Slope: 6.333333333333333, Intercept: -148.33333333333331

From station 28,29, examining the following:  [ '2,11' ]
Slope: 0.6923076923076923, Intercept: 9.615384615384615

From station 28,29, examining the following:  [ '4,11', '12,17', '20,23', '24,26' ]
Slope: 0.75, Intercept: 8

From station 28,29, examining the following:  [ '5,11' ]
Slope: 0.782608695652174, Intercept: 7.086956521739131

From station 28,29, examining the following:  [ '15,11' ]
Slope: 1.3846153846153846, Intercept: -9.76923076923077

From station 28,29, examining the following:  [ '19,11' ]
Slope: 2, Intercept: -27

From station 28,29, examining the following:  [ '21,11' ]
Slope: 2.5714285714285716, Intercept: -43.00000000000001

From station 28,29, examining the following:  [ '27,11' ]
Slope: 18, Intercept: -475

From station 28,29, examining the following:  [ '36,11' ]
Slope: -2.25, Intercept: 92

From station 28,29, examining the following:  [ '0,12' ]
Slope: 0.6071428571428571, Intercept: 12

From station 28,29, examining the following:  [ '2,12' ]
Slope: 0.6538461538461539, Intercept: 10.692307692307692

From station 28,29, examining the following:  [ '4,12' ]
Slope: 0.7083333333333334, Intercept: 9.166666666666666

From station 28,29, examining the following:  [ '6,12' ]
Slope: 0.7727272727272727, Intercept: 7.363636363636363

From station 28,29, examining the following:  [ '13,12' ]
Slope: 1.1333333333333333, Intercept: -2.7333333333333325

From station 28,29, examining the following:  [ '15,12' ]
Slope: 1.3076923076923077, Intercept: -7.615384615384617

From station 28,29, examining the following:  [ '19,12' ]
Slope: 1.8888888888888888, Intercept: -23.888888888888886

From station 28,29, examining the following:  [ '20,12' ]
Slope: 2.125, Intercept: -30.5

From station 28,29, examining the following:  [ '24,12' ]
Slope: 4.25, Intercept: -90

From station 28,29, examining the following:  [ '34,12' ]
Slope: -2.8333333333333335, Intercept: 108.33333333333334

From station 28,29, examining the following:  [ '35,12' ]
Slope: -2.4285714285714284, Intercept: 97

From station 28,29, examining the following:  [ '40,12' ]
Slope: -1.4166666666666667, Intercept: 68.66666666666667

From station 28,29, examining the following:  [ '1,13' ]
Slope: 0.5925925925925926, Intercept: 12.407407407407408

From station 28,29, examining the following:  [ '6,13' ]
Slope: 0.7272727272727273, Intercept: 8.636363636363637

From station 28,29, examining the following:  [ '9,13' ]
Slope: 0.8421052631578947, Intercept: 5.421052631578948

From station 28,29, examining the following:  [ '15,13' ]
Slope: 1.2307692307692308, Intercept: -5.4615384615384635

From station 28,29, examining the following:  [ '17,13' ]
Slope: 1.4545454545454546, Intercept: -11.727272727272727

From station 28,29, examining the following:  [ '24,13' ]
Slope: 4, Intercept: -83

From station 28,29, examining the following:  [ '25,13' ]
Slope: 5.333333333333333, Intercept: -120.33333333333331

From station 28,29, examining the following:  [ '27,13' ]
Slope: 16, Intercept: -419

From station 28,29, examining the following:  []
Slope: Infinity, Intercept: -Infinity

From station 28,29, examining the following:  [ '32,13', '31,17' ]
Slope: -4, Intercept: 141

From station 28,29, examining the following:  [ '40,13' ]
Slope: -1.3333333333333333, Intercept: 66.33333333333333

From station 28,29, examining the following:  [ '2,14' ]
Slope: 0.5769230769230769, Intercept: 12.846153846153847

From station 28,29, examining the following:  [ '5,14' ]
Slope: 0.6521739130434783, Intercept: 10.73913043478261

From station 28,29, examining the following:  [ '6,14' ]
Slope: 0.6818181818181818, Intercept: 9.90909090909091

From station 28,29, examining the following:  [ '12,14' ]
Slope: 0.9375, Intercept: 2.75

From station 28,29, examining the following:  [ '15,14' ]
Slope: 1.1538461538461537, Intercept: -3.3076923076923066

From station 28,29, examining the following:  [ '25,14' ]
Slope: 5, Intercept: -111

From station 28,29, examining the following:  [ '29,14' ]
Slope: -15, Intercept: 449

From station 28,29, examining the following:  [ '30,14' ]
Slope: -7.5, Intercept: 239

From station 28,29, examining the following:  [ '36,14' ]
Slope: -1.875, Intercept: 81.5

From station 28,29, examining the following:  [ '39,14' ]
Slope: -1.3636363636363635, Intercept: 67.18181818181819

From station 28,29, examining the following:  [ '0,15', '12,21', '24,27', '26,28' ]
Slope: 0.5, Intercept: 15

From station 28,29, examining the following:  [ '1,15' ]
Slope: 0.5185185185185185, Intercept: 14.481481481481481

From station 28,29, examining the following:  [ '3,15' ]
Slope: 0.56, Intercept: 13.32

From station 28,29, examining the following:  [ '7,15', '22,25' ]
Slope: 0.6666666666666666, Intercept: 10.333333333333334

From station 28,29, examining the following:  [ '9,15' ]
Slope: 0.7368421052631579, Intercept: 8.368421052631579

From station 28,29, examining the following:  [ '11,15' ]
Slope: 0.8235294117647058, Intercept: 5.9411764705882355

From station 28,29, examining the following:  [ '13,15' ]
Slope: 0.9333333333333333, Intercept: 2.866666666666667

From station 28,29, examining the following:  [ '15,15' ]
Slope: 1.0769230769230769, Intercept: -1.1538461538461533

From station 28,29, examining the following:  [ '17,15' ]
Slope: 1.2727272727272727, Intercept: -6.636363636363637

From station 28,29, examining the following:  []
Slope: 14, Intercept: -363

From station 28,29, examining the following:  [ '30,15' ]
Slope: -7, Intercept: 225

From station 28,29, examining the following:  [ '34,15' ]
Slope: -2.3333333333333335, Intercept: 94.33333333333334

From station 28,29, examining the following:  [ '36,15' ]
Slope: -1.75, Intercept: 78

From station 28,29, examining the following:  [ '37,15' ]
Slope: -1.5555555555555556, Intercept: 72.55555555555556

From station 28,29, examining the following:  [ '1,16' ]
Slope: 0.48148148148148145, Intercept: 15.518518518518519

From station 28,29, examining the following:  [ '7,16' ]
Slope: 0.6190476190476191, Intercept: 11.666666666666666

From station 28,29, examining the following:  [ '14,16' ]
Slope: 0.9285714285714286, Intercept: 3

From station 28,29, examining the following:  []
Slope: 1, Intercept: 1

From station 28,29, examining the following:  [ '18,16' ]
Slope: 1.3, Intercept: -7.400000000000002

From station 28,29, examining the following:  []
Slope: 1.625, Intercept: -16.5

From station 28,29, examining the following:  [ '23,16' ]
Slope: 2.6, Intercept: -43.800000000000004

From station 28,29, examining the following:  []
Slope: Infinity, Intercept: -Infinity

From station 28,29, examining the following:  [ '33,16' ]
Slope: -2.6, Intercept: 101.8

From station 28,29, examining the following:  [ '34,16' ]
Slope: -2.1666666666666665, Intercept: 89.66666666666666

From station 28,29, examining the following:  [ '35,16' ]
Slope: -1.8571428571428572, Intercept: 81

From station 28,29, examining the following:  [ '36,16' ]
Slope: -1.625, Intercept: 74.5

From station 28,29, examining the following:  [ '37,16' ]
Slope: -1.4444444444444444, Intercept: 69.44444444444444

From station 28,29, examining the following:  [ '8,17', '18,23' ]
Slope: 0.6, Intercept: 12.2

From station 28,29, examining the following:  []
Slope: 0.75, Intercept: 8

From station 28,29, examining the following:  []
Slope: 0.8, Intercept: 6.6

From station 28,29, examining the following:  [ '17,17' ]
Slope: 1.0909090909090908, Intercept: -1.5454545454545432

From station 28,29, examining the following:  [ '23,17' ]
Slope: 2.4, Intercept: -38.199999999999996

From station 28,29, examining the following:  []
Slope: -4, Intercept: 141

From station 28,29, examining the following:  [ '36,17' ]
Slope: -1.5, Intercept: 71

From station 28,29, examining the following:  [ '38,17', '33,23' ]
Slope: -1.2, Intercept: 62.6

From station 28,29, examining the following:  [ '40,17', '34,23', '33,24' ]
Slope: -1, Intercept: 57

From station 28,29, examining the following:  [ '0,18' ]
Slope: 0.39285714285714285, Intercept: 18

From station 28,29, examining the following:  [ '7,18' ]
Slope: 0.5238095238095238, Intercept: 14.333333333333332

From station 28,29, examining the following:  [ '10,18' ]
Slope: 0.6111111111111112, Intercept: 11.88888888888889

From station 28,29, examining the following:  [ '13,18' ]
Slope: 0.7333333333333333, Intercept: 8.466666666666667

From station 28,29, examining the following:  [ '15,18' ]
Slope: 0.8461538461538461, Intercept: 5.307692307692308

From station 28,29, examining the following:  []
Slope: 1, Intercept: 1

From station 28,29, examining the following:  [ '22,18' ]
Slope: 1.8333333333333333, Intercept: -22.33333333333333

From station 28,29, examining the following:  [ '23,18' ]
Slope: 2.2, Intercept: -32.6

From station 28,29, examining the following:  [ '26,18' ]
Slope: 5.5, Intercept: -125

From station 28,29, examining the following:  [ '33,18' ]
Slope: -2.2, Intercept: 90.60000000000001

From station 28,29, examining the following:  [ '34,18' ]
Slope: -1.8333333333333333, Intercept: 80.33333333333333

From station 28,29, examining the following:  [ '35,18' ]
Slope: -1.5714285714285714, Intercept: 73

From station 28,29, examining the following:  [ '12,19' ]
Slope: 0.625, Intercept: 11.5

From station 28,29, examining the following:  []
Slope: 0.7692307692307693, Intercept: 7.461538461538462

From station 28,29, examining the following:  [ '17,19' ]
Slope: 0.9090909090909091, Intercept: 3.5454545454545467

From station 28,29, examining the following:  [ '19,19' ]
Slope: 1.1111111111111112, Intercept: -2.1111111111111107

From station 28,29, examining the following:  [ '24,19' ]
Slope: 2.5, Intercept: -41

From station 28,29, examining the following:  [ '30,19' ]
Slope: -5, Intercept: 169

From station 28,29, examining the following:  [ '31,19' ]
Slope: -3.3333333333333335, Intercept: 122.33333333333334

From station 28,29, examining the following:  [ '34,19' ]
Slope: -1.6666666666666667, Intercept: 75.66666666666667

From station 28,29, examining the following:  [ '3,20' ]
Slope: 0.36, Intercept: 18.92

From station 28,29, examining the following:  [ '5,20' ]
Slope: 0.391304347826087, Intercept: 18.043478260869566

From station 28,29, examining the following:  [ '11,20' ]
Slope: 0.5294117647058824, Intercept: 14.176470588235293

From station 28,29, examining the following:  [ '14,20' ]
Slope: 0.6428571428571429, Intercept: 11

From station 28,29, examining the following:  []
Slope: 1.5, Intercept: -13

From station 28,29, examining the following:  [ '25,20' ]
Slope: 3, Intercept: -55

From station 28,29, examining the following:  [ '27,20' ]
Slope: 9, Intercept: -223

From station 28,29, examining the following:  [ '40,20', '36,23' ]
Slope: -0.75, Intercept: 50

From station 28,29, examining the following:  [ '1,21' ]
Slope: 0.2962962962962963, Intercept: 20.703703703703702

From station 28,29, examining the following:  [ '3,21' ]
Slope: 0.32, Intercept: 20.04

From station 28,29, examining the following:  [ '9,21' ]
Slope: 0.42105263157894735, Intercept: 17.210526315789473

From station 28,29, examining the following:  []
Slope: 0.5, Intercept: 15

From station 28,29, examining the following:  [ '13,21' ]
Slope: 0.5333333333333333, Intercept: 14.066666666666666

From station 28,29, examining the following:  [ '19,21' ]
Slope: 0.8888888888888888, Intercept: 4.111111111111111

From station 28,29, examining the following:  [ '22,21', '25,25' ]
Slope: 1.3333333333333333, Intercept: -8.333333333333332

From station 28,29, examining the following:  [ '37,21' ]
Slope: -0.8888888888888888, Intercept: 53.888888888888886

From station 28,29, examining the following:  [ '1,22' ]
Slope: 0.25925925925925924, Intercept: 21.74074074074074

From station 28,29, examining the following:  [ '3,22' ]
Slope: 0.28, Intercept: 21.16

From station 28,29, examining the following:  [ '8,22' ]
Slope: 0.35, Intercept: 19.2

From station 28,29, examining the following:  [ '9,22' ]
Slope: 0.3684210526315789, Intercept: 18.68421052631579

From station 28,29, examining the following:  [ '15,22' ]
Slope: 0.5384615384615384, Intercept: 13.923076923076923

From station 28,29, examining the following:  [ '22,22' ]
Slope: 1.1666666666666667, Intercept: -3.666666666666668

From station 28,29, examining the following:  [ '23,22' ]
Slope: 1.4, Intercept: -10.199999999999996

From station 28,29, examining the following:  []
Slope: 3.5, Intercept: -69

From station 28,29, examining the following:  [ '30,22' ]
Slope: -3.5, Intercept: 127

From station 28,29, examining the following:  [ '37,22' ]
Slope: -0.7777777777777778, Intercept: 50.77777777777778

From station 28,29, examining the following:  [ '7,23', '14,25' ]
Slope: 0.2857142857142857, Intercept: 21

From station 28,29, examining the following:  []
Slope: 0.6, Intercept: 12.200000000000001

From station 28,29, examining the following:  []
Slope: 0.75, Intercept: 8

From station 28,29, examining the following:  [ '21,23' ]
Slope: 0.8571428571428571, Intercept: 5

From station 28,29, examining the following:  []
Slope: 1, Intercept: 1

From station 28,29, examining the following:  [ '27,23' ]
Slope: 6, Intercept: -139

From station 28,29, examining the following:  [ '29,23' ]
Slope: -6, Intercept: 197

From station 28,29, examining the following:  []
Slope: -1.2, Intercept: 62.6

From station 28,29, examining the following:  []
Slope: -1, Intercept: 57

From station 28,29, examining the following:  []
Slope: -0.75, Intercept: 50

From station 28,29, examining the following:  [ '5,24' ]
Slope: 0.21739130434782608, Intercept: 22.91304347826087

From station 28,29, examining the following:  [ '6,24' ]
Slope: 0.22727272727272727, Intercept: 22.636363636363637

From station 28,29, examining the following:  [ '8,24', '12,25' ]
Slope: 0.25, Intercept: 22

From station 28,29, examining the following:  [ '11,24' ]
Slope: 0.29411764705882354, Intercept: 20.764705882352942

From station 28,29, examining the following:  [ '17,24' ]
Slope: 0.45454545454545453, Intercept: 16.272727272727273

From station 28,29, examining the following:  [ '19,24' ]
Slope: 0.5555555555555556, Intercept: 13.444444444444445

From station 28,29, examining the following:  [ '21,24' ]
Slope: 0.7142857142857143, Intercept: 9

From station 28,29, examining the following:  []
Slope: Infinity, Intercept: -Infinity

From station 28,29, examining the following:  [ '32,24' ]
Slope: -1.25, Intercept: 64

From station 28,29, examining the following:  []
Slope: -1, Intercept: 57

From station 28,29, examining the following:  [ '36,24' ]
Slope: -0.625, Intercept: 46.5

From station 28,29, examining the following:  [ '38,24' ]
Slope: -0.5, Intercept: 43

From station 28,29, examining the following:  [ '1,25' ]
Slope: 0.14814814814814814, Intercept: 24.85185185185185

From station 28,29, examining the following:  [ '6,25' ]
Slope: 0.18181818181818182, Intercept: 23.90909090909091

From station 28,29, examining the following:  [ '10,25' ]
Slope: 0.2222222222222222, Intercept: 22.77777777777778

From station 28,29, examining the following:  []
Slope: 0.25, Intercept: 22

From station 28,29, examining the following:  []
Slope: 0.2857142857142857, Intercept: 21

From station 28,29, examining the following:  []
Slope: 0.6666666666666666, Intercept: 10.333333333333334

From station 28,29, examining the following:  []
Slope: 0.8, Intercept: 6.599999999999998

From station 28,29, examining the following:  []
Slope: 1.3333333333333333, Intercept: -8.333333333333329

From station 28,29, examining the following:  [ '35,25' ]
Slope: -0.5714285714285714, Intercept: 45

From station 28,29, examining the following:  [ '37,25' ]
Slope: -0.4444444444444444, Intercept: 41.44444444444444

From station 28,29, examining the following:  [ '0,26' ]
Slope: 0.10714285714285714, Intercept: 26

From station 28,29, examining the following:  [ '1,26' ]
Slope: 0.1111111111111111, Intercept: 25.88888888888889

From station 28,29, examining the following:  [ '11,26' ]
Slope: 0.17647058823529413, Intercept: 24.058823529411764

From station 28,29, examining the following:  []
Slope: 0.75, Intercept: 8

From station 28,29, examining the following:  []
Slope: 1.5, Intercept: -13

From station 28,29, examining the following:  [ '33,26' ]
Slope: -0.6, Intercept: 45.8

From station 28,29, examining the following:  [ '38,26' ]
Slope: -0.3, Intercept: 37.4

From station 28,29, examining the following:  [ '1,27' ]
Slope: 0.07407407407407407, Intercept: 26.925925925925927

From station 28,29, examining the following:  [ '8,27' ]
Slope: 0.1, Intercept: 26.2

From station 28,29, examining the following:  [ '22,27', '25,28' ]
Slope: 0.3333333333333333, Intercept: 19.666666666666668

From station 28,29, examining the following:  []
Slope: 0.5, Intercept: 15

From station 28,29, examining the following:  [ '31,27' ]
Slope: -0.6666666666666666, Intercept: 47.666666666666664

From station 28,29, examining the following:  [ '7,28' ]
Slope: 0.047619047619047616, Intercept: 27.666666666666668

From station 28,29, examining the following:  [ '11,28' ]
Slope: 0.058823529411764705, Intercept: 27.352941176470587

From station 28,29, examining the following:  [ '12,28' ]
Slope: 0.0625, Intercept: 27.25

From station 28,29, examining the following:  [ '21,28' ]
Slope: 0.14285714285714285, Intercept: 25

From station 28,29, examining the following:  []
Slope: 0.3333333333333333, Intercept: 19.666666666666668

From station 28,29, examining the following:  []
Slope: 0.5, Intercept: 15

From station 28,29, examining the following:  [ '33,28' ]
Slope: -0.2, Intercept: 34.6

From station 28,29, examining the following:  [ '38,28' ]
Slope: -0.1, Intercept: 31.8

From station 28,29, examining the following:  [ '0,29',
  '3,29',
  '9,29',
  '11,29',
  '15,29',
  '16,29',
  '18,29',
  '20,29',
  '27,29' ]
Slope: 0, Intercept: 29

From station 28,29, examining the following:  []
Slope: 0, Intercept: 29

From station 28,29, examining the following:  []
Slope: 0, Intercept: 29

From station 28,29, examining the following:  []
Slope: 0, Intercept: 29

From station 28,29, examining the following:  []
Slope: 0, Intercept: 29

From station 28,29, examining the following:  []
Slope: 0, Intercept: 29

From station 28,29, examining the following:  []
Slope: 0, Intercept: 29

From station 28,29, examining the following:  []
Slope: 0, Intercept: 29

From station 28,29, examining the following:  []
Slope: 0, Intercept: 29

From station 28,29, examining the following:  [ '32,29', '34,29', '37,29' ]
Slope: 0, Intercept: 29

From station 28,29, examining the following:  []
Slope: 0, Intercept: 29

From station 28,29, examining the following:  []
Slope: 0, Intercept: 29

From station 28,29, examining the following:  [ '0,30' ]
Slope: -0.03571428571428571, Intercept: 30

From station 28,29, examining the following:  [ '5,30' ]
Slope: -0.043478260869565216, Intercept: 30.217391304347824

From station 28,29, examining the following:  [ '6,30' ]
Slope: -0.045454545454545456, Intercept: 30.272727272727273

From station 28,29, examining the following:  [ '10,30' ]
Slope: -0.05555555555555555, Intercept: 30.555555555555557

From station 28,29, examining the following:  [ '12,30' ]
Slope: -0.0625, Intercept: 30.75

From station 28,29, examining the following:  [ '21,30', '7,32' ]
Slope: -0.14285714285714285, Intercept: 33

From station 28,29, examining the following:  [ '32,30' ]
Slope: 0.25, Intercept: 22

From station 28,29, examining the following:  [ '33,30' ]
Slope: 0.2, Intercept: 23.4

From station 28,29, examining the following:  [ '2,31' ]
Slope: -0.07692307692307693, Intercept: 31.153846153846153

From station 28,29, examining the following:  [ '4,31' ]
Slope: -0.08333333333333333, Intercept: 31.333333333333332

From station 28,29, examining the following:  [ '10,31' ]
Slope: -0.1111111111111111, Intercept: 32.111111111111114

From station 28,29, examining the following:  [ '16,31' ]
Slope: -0.16666666666666666, Intercept: 33.666666666666664

From station 28,29, examining the following:  [ '17,31' ]
Slope: -0.18181818181818182, Intercept: 34.09090909090909

From station 28,29, examining the following:  [ '18,31', '13,32', '8,33', '3,34' ]
Slope: -0.2, Intercept: 34.6

From station 28,29, examining the following:  [ '20,31', '8,34' ]
Slope: -0.25, Intercept: 36

From station 28,29, examining the following:  [ '23,31' ]
Slope: -0.4, Intercept: 40.2

From station 28,29, examining the following:  [ '33,31' ]
Slope: 0.4, Intercept: 17.799999999999997

From station 28,29, examining the following:  [ '40,31' ]
Slope: 0.16666666666666666, Intercept: 24.333333333333336

From station 28,29, examining the following:  [ '6,32' ]
Slope: -0.13636363636363635, Intercept: 32.81818181818182

From station 28,29, examining the following:  []
Slope: -0.14285714285714285, Intercept: 33

From station 28,29, examining the following:  [ '9,32' ]
Slope: -0.15789473684210525, Intercept: 33.421052631578945

From station 28,29, examining the following:  []
Slope: -0.2, Intercept: 34.6

From station 28,29, examining the following:  [ '15,32' ]
Slope: -0.23076923076923078, Intercept: 35.46153846153846

From station 28,29, examining the following:  [ '18,32', '8,35' ]
Slope: -0.3, Intercept: 37.4

From station 28,29, examining the following:  [ '21,32', '7,38' ]
Slope: -0.42857142857142855, Intercept: 41

From station 28,29, examining the following:  [ '23,32' ]
Slope: -0.6, Intercept: 45.8

From station 28,29, examining the following:  [ '24,32', '20,35' ]
Slope: -0.75, Intercept: 50

From station 28,29, examining the following:  [ '39,32' ]
Slope: 0.2727272727272727, Intercept: 21.363636363636367

From station 28,29, examining the following:  [ '7,33' ]
Slope: -0.19047619047619047, Intercept: 34.333333333333336

From station 28,29, examining the following:  []
Slope: -0.2, Intercept: 34.6

From station 28,29, examining the following:  [ '10,33' ]
Slope: -0.2222222222222222, Intercept: 35.22222222222222

From station 28,29, examining the following:  [ '13,33' ]
Slope: -0.26666666666666666, Intercept: 36.46666666666667

From station 28,29, examining the following:  [ '15,33', '2,37' ]
Slope: -0.3076923076923077, Intercept: 37.61538461538461

From station 28,29, examining the following:  [ '29,33' ]
Slope: 4, Intercept: -83

From station 28,29, examining the following:  [ '32,33' ]
Slope: 1, Intercept: 1

From station 28,29, examining the following:  [ '34,33' ]
Slope: 0.6666666666666666, Intercept: 10.333333333333336

From station 28,29, examining the following:  []
Slope: -0.2, Intercept: 34.6

From station 28,29, examining the following:  []
Slope: -0.25, Intercept: 36

From station 28,29, examining the following:  [ '9,34' ]
Slope: -0.2631578947368421, Intercept: 36.368421052631575

From station 28,29, examining the following:  [ '11,34' ]
Slope: -0.29411764705882354, Intercept: 37.23529411764706

From station 28,29, examining the following:  [ '12,34' ]
Slope: -0.3125, Intercept: 37.75

From station 28,29, examining the following:  [ '15,34' ]
Slope: -0.38461538461538464, Intercept: 39.76923076923077

From station 28,29, examining the following:  [ '18,34' ]
Slope: -0.5, Intercept: 43

From station 28,29, examining the following:  [ '21,34', '14,39' ]
Slope: -0.7142857142857143, Intercept: 49

From station 28,29, examining the following:  [ '27,34' ]
Slope: -5, Intercept: 169

From station 28,29, examining the following:  [ '31,34' ]
Slope: 1.6666666666666667, Intercept: -17.66666666666667

From station 28,29, examining the following:  [ '32,34' ]
Slope: 1.25, Intercept: -6

From station 28,29, examining the following:  [ '34,34', '40,39' ]
Slope: 0.8333333333333334, Intercept: 5.666666666666664

From station 28,29, examining the following:  [ '0,35' ]
Slope: -0.21428571428571427, Intercept: 35

From station 28,29, examining the following:  [ '5,35' ]
Slope: -0.2608695652173913, Intercept: 36.30434782608695

From station 28,29, examining the following:  []
Slope: -0.3, Intercept: 37.4

From station 28,29, examining the following:  [ '10,35', '4,37' ]
Slope: -0.3333333333333333, Intercept: 38.333333333333336

From station 28,29, examining the following:  [ '15,35' ]
Slope: -0.46153846153846156, Intercept: 41.92307692307692

From station 28,29, examining the following:  [ '19,35' ]
Slope: -0.6666666666666666, Intercept: 47.666666666666664

From station 28,29, examining the following:  []
Slope: -0.75, Intercept: 50

From station 28,29, examining the following:  [ '21,35' ]
Slope: -0.8571428571428571, Intercept: 53

From station 28,29, examining the following:  [ '25,35' ]
Slope: -2, Intercept: 85

From station 28,29, examining the following:  [ '27,35' ]
Slope: -6, Intercept: 197

From station 28,29, examining the following:  [ '35,35' ]
Slope: 0.8571428571428571, Intercept: 5

From station 28,29, examining the following:  [ '1,36' ]
Slope: -0.25925925925925924, Intercept: 36.25925925925926

From station 28,29, examining the following:  [ '4,36' ]
Slope: -0.2916666666666667, Intercept: 37.166666666666664

From station 28,29, examining the following:  [ '8,36' ]
Slope: -0.35, Intercept: 38.8

From station 28,29, examining the following:  [ '15,36' ]
Slope: -0.5384615384615384, Intercept: 44.07692307692308

From station 28,29, examining the following:  [ '16,36' ]
Slope: -0.5833333333333334, Intercept: 45.333333333333336

From station 28,29, examining the following:  [ '18,36' ]
Slope: -0.7, Intercept: 48.6

From station 28,29, examining the following:  [ '21,36', '20,37', '18,39' ]
Slope: -1, Intercept: 57

From station 28,29, examining the following:  [ '24,36' ]
Slope: -1.75, Intercept: 78

From station 28,29, examining the following:  [ '33,36' ]
Slope: 1.4, Intercept: -10.199999999999996

From station 28,29, examining the following:  [ '38,36' ]
Slope: 0.7, Intercept: 9.400000000000002

From station 28,29, examining the following:  []
Slope: -0.3076923076923077, Intercept: 37.61538461538461

From station 28,29, examining the following:  []
Slope: -0.3333333333333333, Intercept: 38.333333333333336

From station 28,29, examining the following:  [ '5,37' ]
Slope: -0.34782608695652173, Intercept: 38.73913043478261

From station 28,29, examining the following:  [ '7,37' ]
Slope: -0.38095238095238093, Intercept: 39.666666666666664

From station 28,29, examining the following:  [ '11,37' ]
Slope: -0.47058823529411764, Intercept: 42.1764705882353

From station 28,29, examining the following:  [ '18,37' ]
Slope: -0.8, Intercept: 51.4

From station 28,29, examining the following:  [ '19,37' ]
Slope: -0.8888888888888888, Intercept: 53.888888888888886

From station 28,29, examining the following:  []
Slope: -1, Intercept: 57

From station 28,29, examining the following:  [ '26,37' ]
Slope: -4, Intercept: 141

From station 28,29, examining the following:  [ '28,37', '28,38' ]
Slope: -Infinity, Intercept: Infinity

From station 28,29, examining the following:  [ '37,37' ]
Slope: 0.8888888888888888, Intercept: 4.111111111111114

From station 28,29, examining the following:  [ '38,37' ]
Slope: 0.8, Intercept: 6.599999999999998

From station 28,29, examining the following:  [ '0,38' ]
Slope: -0.32142857142857145, Intercept: 38

From station 28,29, examining the following:  [ '2,38' ]
Slope: -0.34615384615384615, Intercept: 38.69230769230769

From station 28,29, examining the following:  [ '3,38' ]
Slope: -0.36, Intercept: 39.08

From station 28,29, examining the following:  [ '5,38' ]
Slope: -0.391304347826087, Intercept: 39.95652173913044

From station 28,29, examining the following:  [ '6,38' ]
Slope: -0.4090909090909091, Intercept: 40.45454545454545

From station 28,29, examining the following:  []
Slope: -0.42857142857142855, Intercept: 41

From station 28,29, examining the following:  [ '17,38' ]
Slope: -0.8181818181818182, Intercept: 51.90909090909091

From station 28,29, examining the following:  [ '21,38' ]
Slope: -1.2857142857142858, Intercept: 65

From station 28,29, examining the following:  [ '22,38' ]
Slope: -1.5, Intercept: 71

From station 28,29, examining the following:  []
Slope: -Infinity, Intercept: Infinity

From station 28,29, examining the following:  [ '31,38' ]
Slope: 3, Intercept: -55

From station 28,29, examining the following:  [ '36,38' ]
Slope: 1.125, Intercept: -2.5

From station 28,29, examining the following:  [ '38,38' ]
Slope: 0.9, Intercept: 3.799999999999997

From station 28,29, examining the following:  [ '10,39' ]
Slope: -0.5555555555555556, Intercept: 44.55555555555556

From station 28,29, examining the following:  []
Slope: -0.7142857142857143, Intercept: 49

From station 28,29, examining the following:  [ '17,39' ]
Slope: -0.9090909090909091, Intercept: 54.45454545454545

From station 28,29, examining the following:  []
Slope: -1, Intercept: 57

From station 28,29, examining the following:  [ '21,39' ]
Slope: -1.4285714285714286, Intercept: 69

From station 28,29, examining the following:  [ '24,39' ]
Slope: -2.5, Intercept: 99

From station 28,29, examining the following:  [ '25,39' ]
Slope: -3.3333333333333335, Intercept: 122.33333333333334

From station 28,29, examining the following:  [ '30,39' ]
Slope: 5, Intercept: -111

From station 28,29, examining the following:  []
Slope: 0.8333333333333334, Intercept: 5.666666666666664

From station 28,29, examining the following:  [ '2,40' ]
Slope: -0.4230769230769231, Intercept: 40.84615384615385

From station 28,29, examining the following:  [ '5,40' ]
Slope: -0.4782608695652174, Intercept: 42.391304347826086

From station 28,29, examining the following:  [ '10,40' ]
Slope: -0.6111111111111112, Intercept: 46.111111111111114

From station 28,29, examining the following:  [ '11,40' ]
Slope: -0.6470588235294118, Intercept: 47.11764705882353

From station 28,29, examining the following:  [ '12,40' ]
Slope: -0.6875, Intercept: 48.25

From station 28,29, examining the following:  [ '23,40' ]
Slope: -2.2, Intercept: 90.6

From station 28,29, examining the following:  [ '24,40' ]
Slope: -2.75, Intercept: 106

From station 28,29, examining the following:  [ '27,40' ]
Slope: -11, Intercept: 337

From station 28,29, examining the following:  [ '31,40' ]
Slope: 3.6666666666666665, Intercept: -73.66666666666666

From station 28,29, examining the following:  [ '35,40' ]
Slope: 1.5714285714285714, Intercept: -15

From station 28,29, examining the following:  [ '38,40' ]
Slope: 1.1, Intercept: -1.8000000000000043
